# JRE version: OpenJDK Runtime Environment (8.0_302-b08) (build 1.8.0_302-b08)
# Java VM: OpenJDK 64-Bit Server VM (25.302-b08 mixed mode windows-amd64 compressed oops)
Heap:
 PSYoungGen      total 233472K, used 181162K [0x00000000eab00000, 0x00000000fb080000, 0x0000000100000000)
  eden space 202240K, 86% used [0x00000000eab00000,0x00000000f55383f8,0x00000000f7080000)
  from space 31232K, 21% used [0x00000000f9200000,0x00000000f98b26d0,0x00000000fb080000)
  to   space 32768K, 0% used [0x00000000f7080000,0x00000000f7080000,0x00000000f9080000)
 ParOldGen       total 120832K, used 77620K [0x00000000c0000000, 0x00000000c7600000, 0x00000000eab00000)
  object space 120832K, 64% used [0x00000000c0000000,0x00000000c4bcd0f0,0x00000000c7600000)
 Metaspace       used 17364K, capacity 18328K, committed 18560K, reserved 1064960K
  class space    used 2141K, capacity 2370K, committed 2432K, reserved 1048576K
GC Heap History (10 events):
Event: 45.064 GC heap before
{Heap before GC invocations=16 (full 2):
 PSYoungGen      total 169984K, used 134899K [0x00000000eab00000, 0x00000000f9e80000, 0x0000000100000000)
  eden space 132096K, 100% used [0x00000000eab00000,0x00000000f2c00000,0x00000000f2c00000)
  from space 37888K, 7% used [0x00000000f2c00000,0x00000000f2ebcd00,0x00000000f5100000)
  to   space 37888K, 0% used [0x00000000f7980000,0x00000000f7980000,0x00000000f9e80000)
 ParOldGen       total 120832K, used 72020K [0x00000000c0000000, 0x00000000c7600000, 0x00000000eab00000)
  object space 120832K, 59% used [0x00000000c0000000,0x00000000c4655330,0x00000000c7600000)
 Metaspace       used 16984K, capacity 17928K, committed 18304K, reserved 1064960K
  class space    used 2096K, capacity 2330K, committed 2432K, reserved 1048576K
Event: 45.466 GC heap after
Heap after GC invocations=16 (full 2):
 PSYoungGen      total 205312K, used 2548K [0x00000000eab00000, 0x00000000f9b00000, 0x0000000100000000)
  eden space 171008K, 0% used [0x00000000eab00000,0x00000000eab00000,0x00000000f5200000)
  from space 34304K, 7% used [0x00000000f7980000,0x00000000f7bfd2c8,0x00000000f9b00000)
  to   space 37376K, 0% used [0x00000000f5200000,0x00000000f5200000,0x00000000f7680000)
 ParOldGen       total 120832K, used 74152K [0x00000000c0000000, 0x00000000c7600000, 0x00000000eab00000)
  object space 120832K, 61% used [0x00000000c0000000,0x00000000c486a398,0x00000000c7600000)
 Metaspace       used 16984K, capacity 17928K, committed 18304K, reserved 1064960K
  class space    used 2096K, capacity 2330K, committed 2432K, reserved 1048576K
}
Event: 66.876 GC heap before
{Heap before GC invocations=17 (full 2):
 PSYoungGen      total 205312K, used 173556K [0x00000000eab00000, 0x00000000f9b00000, 0x0000000100000000)
  eden space 171008K, 100% used [0x00000000eab00000,0x00000000f5200000,0x00000000f5200000)
  from space 34304K, 7% used [0x00000000f7980000,0x00000000f7bfd2c8,0x00000000f9b00000)
  to   space 37376K, 0% used [0x00000000f5200000,0x00000000f5200000,0x00000000f7680000)
 ParOldGen       total 120832K, used 74152K [0x00000000c0000000, 0x00000000c7600000, 0x00000000eab00000)
  object space 120832K, 61% used [0x00000000c0000000,0x00000000c486a398,0x00000000c7600000)
 Metaspace       used 17258K, capacity 18168K, committed 18304K, reserved 1064960K
  class space    used 2132K, capacity 2366K, committed 2432K, reserved 1048576K
Event: 68.389 GC heap after
Heap after GC invocations=17 (full 2):
 PSYoungGen      total 208384K, used 2464K [0x00000000eab00000, 0x00000000f9b00000, 0x0000000100000000)
  eden space 171008K, 0% used [0x00000000eab00000,0x00000000eab00000,0x00000000f5200000)
  from space 37376K, 6% used [0x00000000f5200000,0x00000000f5468000,0x00000000f7680000)
  to   space 34304K, 0% used [0x00000000f7980000,0x00000000f7980000,0x00000000f9b00000)
 ParOldGen       total 120832K, used 75964K [0x00000000c0000000, 0x00000000c7600000, 0x00000000eab00000)
  object space 120832K, 62% used [0x00000000c0000000,0x00000000c4a2f3f0,0x00000000c7600000)
 Metaspace       used 17258K, capacity 18168K, committed 18304K, reserved 1064960K
  class space    used 2132K, capacity 2366K, committed 2432K, reserved 1048576K
}
Event: 93.713 GC heap before
{Heap before GC invocations=18 (full 2):
 PSYoungGen      total 208384K, used 173472K [0x00000000eab00000, 0x00000000f9b00000, 0x0000000100000000)
  eden space 171008K, 100% used [0x00000000eab00000,0x00000000f5200000,0x00000000f5200000)
  from space 37376K, 6% used [0x00000000f5200000,0x00000000f5468000,0x00000000f7680000)
  to   space 34304K, 0% used [0x00000000f7980000,0x00000000f7980000,0x00000000f9b00000)
 ParOldGen       total 120832K, used 75964K [0x00000000c0000000, 0x00000000c7600000, 0x00000000eab00000)
  object space 120832K, 62% used [0x00000000c0000000,0x00000000c4a2f3f0,0x00000000c7600000)
 Metaspace       used 17316K, capacity 18250K, committed 18560K, reserved 1064960K
  class space    used 2137K, capacity 2367K, committed 2432K, reserved 1048576K
Event: 97.356 GC heap after
Heap after GC invocations=18 (full 2):
 PSYoungGen      total 205312K, used 4208K [0x00000000eab00000, 0x00000000f9b00000, 0x0000000100000000)
  eden space 171008K, 0% used [0x00000000eab00000,0x00000000eab00000,0x00000000f5200000)
  from space 34304K, 12% used [0x00000000f7980000,0x00000000f7d9c010,0x00000000f9b00000)
  to   space 37376K, 0% used [0x00000000f5200000,0x00000000f5200000,0x00000000f7680000)
 ParOldGen       total 120832K, used 75964K [0x00000000c0000000, 0x00000000c7600000, 0x00000000eab00000)
  object space 120832K, 62% used [0x00000000c0000000,0x00000000c4a2f3f0,0x00000000c7600000)
 Metaspace       used 17316K, capacity 18250K, committed 18560K, reserved 1064960K
  class space    used 2137K, capacity 2367K, committed 2432K, reserved 1048576K
}
Event: 113.111 GC heap before
{Heap before GC invocations=19 (full 2):
 PSYoungGen      total 205312K, used 175216K [0x00000000eab00000, 0x00000000f9b00000, 0x0000000100000000)
  eden space 171008K, 100% used [0x00000000eab00000,0x00000000f5200000,0x00000000f5200000)
  from space 34304K, 12% used [0x00000000f7980000,0x00000000f7d9c010,0x00000000f9b00000)
  to   space 37376K, 0% used [0x00000000f5200000,0x00000000f5200000,0x00000000f7680000)
 ParOldGen       total 120832K, used 75964K [0x00000000c0000000, 0x00000000c7600000, 0x00000000eab00000)
  object space 120832K, 62% used [0x00000000c0000000,0x00000000c4a2f3f0,0x00000000c7600000)
 Metaspace       used 17331K, capacity 18254K, committed 18560K, reserved 1064960K
  class space    used 2138K, capacity 2367K, committed 2432K, reserved 1048576K
Event: 113.566 GC heap after
Heap after GC invocations=19 (full 2):
 PSYoungGen      total 208384K, used 4352K [0x00000000eab00000, 0x00000000fb380000, 0x0000000100000000)
  eden space 171008K, 0% used [0x00000000eab00000,0x00000000eab00000,0x00000000f5200000)
  from space 37376K, 11% used [0x00000000f5200000,0x00000000f5640000,0x00000000f7680000)
  to   space 34304K, 0% used [0x00000000f9200000,0x00000000f9200000,0x00000000fb380000)
 ParOldGen       total 120832K, used 77620K [0x00000000c0000000, 0x00000000c7600000, 0x00000000eab00000)
  object space 120832K, 64% used [0x00000000c0000000,0x00000000c4bcd0f0,0x00000000c7600000)
 Metaspace       used 17331K, capacity 18254K, committed 18560K, reserved 1064960K
  class space    used 2138K, capacity 2367K, committed 2432K, reserved 1048576K
}
Event: 122.554 GC heap before
{Heap before GC invocations=20 (full 2):
 PSYoungGen      total 208384K, used 175360K [0x00000000eab00000, 0x00000000fb380000, 0x0000000100000000)
  eden space 171008K, 100% used [0x00000000eab00000,0x00000000f5200000,0x00000000f5200000)
  from space 37376K, 11% used [0x00000000f5200000,0x00000000f5640000,0x00000000f7680000)
  to   space 34304K, 0% used [0x00000000f9200000,0x00000000f9200000,0x00000000fb380000)
 ParOldGen       total 120832K, used 77620K [0x00000000c0000000, 0x00000000c7600000, 0x00000000eab00000)
  object space 120832K, 64% used [0x00000000c0000000,0x00000000c4bcd0f0,0x00000000c7600000)
 Metaspace       used 17353K, capacity 18318K, committed 18560K, reserved 1064960K
  class space    used 2138K, capacity 2367K, committed 2432K, reserved 1048576K
Event: 123.226 GC heap after
Heap after GC invocations=20 (full 2):
 PSYoungGen      total 233472K, used 6857K [0x00000000eab00000, 0x00000000fb080000, 0x0000000100000000)
  eden space 202240K, 0% used [0x00000000eab00000,0x00000000eab00000,0x00000000f7080000)
  from space 31232K, 21% used [0x00000000f9200000,0x00000000f98b26d0,0x00000000fb080000)
  to   space 32768K, 0% used [0x00000000f7080000,0x00000000f7080000,0x00000000f9080000)
 ParOldGen       total 120832K, used 77620K [0x00000000c0000000, 0x00000000c7600000, 0x00000000eab00000)
  object space 120832K, 64% used [0x00000000c0000000,0x00000000c4bcd0f0,0x00000000c7600000)
 Metaspace       used 17353K, capacity 18318K, committed 18560K, reserved 1064960K
  class space    used 2138K, capacity 2367K, committed 2432K, reserved 1048576K
}

